(---------------------------------------------------------------------)
(                                                                     )
(    ARTWORK LOG                                                      )
(                                                                     )
(    Drawing          : PROIECT_APD_Ispas_pcb.brd                     )
(    Software Version : 25.1P001                                      )
(    Date/Time        : Mon Jan 26 01:14:13 2026                      )
(                                                                     )
(---------------------------------------------------------------------)


 ---- Photoplot outline rectangle not found; using drawing extents.



Results from parameter file ...
    DEVICE-TYPE           GERBER_RS274X
    OUTPUT-UNITS          INCHES
    FILM-SIZE             2400000 1600000
    FORMAT                2.5
    ABORT-ON-ERROR        NO
    SCALE                 1
    SUPPRESS-LEAD-ZEROES  YES
    SUPPRESS-TRAIL-ZEROES NO
    SUPPRESS-EQUAL        YES
    UNDEF-APT-CONT        NO



================================================================
     PROCESSING FILM < TOP >
     TO FILE < C:/Facultate/Proiect Apd OrCad/OrCAD/TOP.art > ...
================================================================

  FILM PARAMETERS :
  ---------------------------------------------------------
  Undefined line width                6.00 MIL
  Mirror code                         NONE
  Rotate angle                        NONE
  Offset x:                           0.00
  Offset y:                           0.00
  Plot negative                       NO
  Suppress unconnected internal pads  NO
  Draw holes only                     NO



  APERTURES USED (UNIT = IN):
  ---------------------------------------------------------
  TYPE       SIZE/NAME                   ROT   MIRROR MODE 
  ---------------------------------------------------------
  CIRCLE     0.01600                                  DARK 
  CIRCLE     0.02200                                  DARK 
  CIRCLE     0.02400                                  DARK 
  CIRCLE     0.04000                                  DARK 
  CIRCLE     0.10000                                  DARK 
  SQUARE     0.05000                     0.000 NO     DARK 
  SQUARE     0.06000                     0.000 NO     DARK 
  RECTANGLE  0.05000     x 0.02500       0.000 NO     DARK 
  RECTANGLE  0.07874     x 0.05118      90.000 NO     DARK 
  RECTANGLE  0.09843     x 0.06299       0.000 NO     DARK 

     TOP created.


================================================================
     PROCESSING FILM < BOTTOM >
     TO FILE < C:/Facultate/Proiect Apd OrCad/OrCAD/BOTTOM.art > ...
================================================================

  FILM PARAMETERS :
  ---------------------------------------------------------
  Undefined line width                6.00 MIL
  Mirror code                         NONE
  Rotate angle                        NONE
  Offset x:                           0.00
  Offset y:                           0.00
  Plot negative                       NO
  Suppress unconnected internal pads  NO
  Draw holes only                     NO



  APERTURES USED (UNIT = IN):
  ---------------------------------------------------------
  TYPE       SIZE/NAME                   ROT   MIRROR MODE 
  ---------------------------------------------------------
  CIRCLE     0.01600                                  DARK 
  CIRCLE     0.02200                                  DARK 
  CIRCLE     0.02400                                  DARK 

     BOTTOM created.


================================================================
     PROCESSING FILM < NCLEGEND-1-2 >
     TO FILE < C:/Facultate/Proiect Apd OrCad/OrCAD/NCLEGEND-1-2.art > ...
================================================================

  FILM PARAMETERS :
  ---------------------------------------------------------
  Undefined line width                6.00 MIL
  Mirror code                         NONE
  Rotate angle                        NONE
  Offset x:                           0.00
  Offset y:                           0.00
  Plot negative                       NO
  Suppress unconnected internal pads  NO
  Draw holes only                     NO

    WARNING: text composed 0 width line found at (-1060.50 2052.50) in MIL
           ... using undefined line width of 6.00 MIL

    WARNING: 0 width line found at (-1510.00 1990.00) in MIL
           ... using undefined line width of 6.00 MIL

    WARNING: Multiple 0 width lines; all will be treated the same as the first.
           ... using undefined line width of 6.00 MIL

    WARNING: text having Multiple 0 width lines; all will be treated the same as the first.
           ... using undefined line width of 6.00 MIL



  APERTURES USED (UNIT = IN):
  ---------------------------------------------------------
  TYPE       SIZE/NAME                   ROT   MIRROR MODE 
  ---------------------------------------------------------
  CIRCLE     0.00600                                  DARK 

     NCLEGEND-1-2 created with warnings


================================================================
     PROCESSING FILM < SSTP >
     TO FILE < C:/Facultate/Proiect Apd OrCad/OrCAD/SSTP.art > ...
================================================================

  FILM PARAMETERS :
  ---------------------------------------------------------
  Undefined line width                6.00 MIL
  Mirror code                         NONE
  Rotate angle                        NONE
  Offset x:                           0.00
  Offset y:                           0.00
  Plot negative                       NO
  Suppress unconnected internal pads  NO
  Draw holes only                     NO



  APERTURES USED (UNIT = IN):
  ---------------------------------------------------------
  TYPE       SIZE/NAME                   ROT   MIRROR MODE 
  ---------------------------------------------------------
  CIRCLE     0.00079                                  DARK 
  CIRCLE     0.00197                                  DARK 
  CIRCLE     0.00600                                  DARK 
  CIRCLE     0.00787                                  DARK 

     SSTP created.


================================================================
     PROCESSING FILM < SSBT >
     TO FILE < C:/Facultate/Proiect Apd OrCad/OrCAD/SSBT.art > ...
================================================================

  FILM PARAMETERS :
  ---------------------------------------------------------
  Undefined line width                6.00 MIL
  Mirror code                         NONE
  Rotate angle                        NONE
  Offset x:                           0.00
  Offset y:                           0.00
  Plot negative                       NO
  Suppress unconnected internal pads  NO
  Draw holes only                     NO



  APERTURES USED:  NONE
     SSBT created.


================================================================
     PROCESSING FILM < SMTP >
     TO FILE < C:/Facultate/Proiect Apd OrCad/OrCAD/SMTP.art > ...
================================================================

  FILM PARAMETERS :
  ---------------------------------------------------------
  Undefined line width                6.00 MIL
  Mirror code                         NONE
  Rotate angle                        NONE
  Offset x:                           0.00
  Offset y:                           0.00
  Plot negative                       NO
  Suppress unconnected internal pads  NO
  Draw holes only                     NO



  APERTURES USED (UNIT = IN):
  ---------------------------------------------------------
  TYPE       SIZE/NAME                   ROT   MIRROR MODE 
  ---------------------------------------------------------
  CIRCLE     0.04400                                  DARK 
  CIRCLE     0.08000                                  DARK 
  CIRCLE     0.11000                                  DARK 
  SQUARE     0.05000                     0.000 NO     DARK 
  SQUARE     0.06000                     0.000 NO     DARK 
  RECTANGLE  0.05500     x 0.03000       0.000 NO     DARK 
  RECTANGLE  0.07874     x 0.05118      90.000 NO     DARK 
  RECTANGLE  0.09843     x 0.06299       0.000 NO     DARK 

     SMTP created.


================================================================
     PROCESSING FILM < SMBT >
     TO FILE < C:/Facultate/Proiect Apd OrCad/OrCAD/SMBT.art > ...
================================================================

  FILM PARAMETERS :
  ---------------------------------------------------------
  Undefined line width                6.00 MIL
  Mirror code                         NONE
  Rotate angle                        NONE
  Offset x:                           0.00
  Offset y:                           0.00
  Plot negative                       NO
  Suppress unconnected internal pads  NO
  Draw holes only                     NO



  APERTURES USED (UNIT = IN):
  ---------------------------------------------------------
  TYPE       SIZE/NAME                   ROT   MIRROR MODE 
  ---------------------------------------------------------
  CIRCLE     0.04400                                  DARK 

     SMBT created.


================================================================
     PROCESSING FILM < SPTP >
     TO FILE < C:/Facultate/Proiect Apd OrCad/OrCAD/SPTP.art > ...
================================================================

  FILM PARAMETERS :
  ---------------------------------------------------------
  Undefined line width                6.00 MIL
  Mirror code                         NONE
  Rotate angle                        NONE
  Offset x:                           0.00
  Offset y:                           0.00
  Plot negative                       NO
  Suppress unconnected internal pads  NO
  Draw holes only                     NO



  APERTURES USED (UNIT = IN):
  ---------------------------------------------------------
  TYPE       SIZE/NAME                   ROT   MIRROR MODE 
  ---------------------------------------------------------
  CIRCLE     0.04000                                  DARK 
  SQUARE     0.05000                     0.000 NO     DARK 
  SQUARE     0.06000                     0.000 NO     DARK 
  RECTANGLE  0.05500     x 0.03000       0.000 NO     DARK 
  RECTANGLE  0.07874     x 0.05118      90.000 NO     DARK 
  RECTANGLE  0.09843     x 0.06299       0.000 NO     DARK 

     SPTP created.


================================================================
     PROCESSING FILM < SPBT >
     TO FILE < C:/Facultate/Proiect Apd OrCad/OrCAD/SPBT.art > ...
================================================================

  FILM PARAMETERS :
  ---------------------------------------------------------
  Undefined line width                6.00 MIL
  Mirror code                         NONE
  Rotate angle                        NONE
  Offset x:                           0.00
  Offset y:                           0.00
  Plot negative                       NO
  Suppress unconnected internal pads  NO
  Draw holes only                     NO



  APERTURES USED:  NONE
     SPBT created.


================================================================
     PROCESSING FILM < ASSYTP >
     TO FILE < C:/Facultate/Proiect Apd OrCad/OrCAD/ASSYTP.art > ...
================================================================

  FILM PARAMETERS :
  ---------------------------------------------------------
  Undefined line width                6.00 MIL
  Mirror code                         NONE
  Rotate angle                        NONE
  Offset x:                           0.00
  Offset y:                           0.00
  Plot negative                       NO
  Suppress unconnected internal pads  NO
  Draw holes only                     NO



  APERTURES USED (UNIT = IN):
  ---------------------------------------------------------
  TYPE       SIZE/NAME                   ROT   MIRROR MODE 
  ---------------------------------------------------------
  CIRCLE     0.00079                                  DARK 
  CIRCLE     0.00197                                  DARK 
  CIRCLE     0.00392                                  DARK 
  CIRCLE     0.00394                                  DARK 
  CIRCLE     0.00600                                  DARK 

     ASSYTP created.


================================================================
     PROCESSING FILM < ASSYBT >
     TO FILE < C:/Facultate/Proiect Apd OrCad/OrCAD/ASSYBT.art > ...
================================================================

  FILM PARAMETERS :
  ---------------------------------------------------------
  Undefined line width                6.00 MIL
  Mirror code                         NONE
  Rotate angle                        NONE
  Offset x:                           0.00
  Offset y:                           0.00
  Plot negative                       NO
  Suppress unconnected internal pads  NO
  Draw holes only                     NO



  APERTURES USED (UNIT = IN):
  ---------------------------------------------------------
  TYPE       SIZE/NAME                   ROT   MIRROR MODE 
  ---------------------------------------------------------
  CIRCLE     0.00600                                  DARK 

     ASSYBT created.


------------------------------------------------------
 SUMMARY:
        TOP created.
        BOTTOM created.
        NCLEGEND-1-2 created with warnings
        SSTP created.
        SSBT created.
        SMTP created.
        SMBT created.
        SPTP created.
        SPBT created.
        ASSYTP created.
        ASSYBT created.

 ARTWORK had warnings
